<?xml version="1.0" encoding="UTF-8"?>
<!-- Generated by org.testng.reporters.JUnitReportReporter -->
<testsuite hostname="RavinPC" failures="0" tests="3" name="selenium.DifferetWaysToMaximizeBrowserWindow" time="4.539" errors="0" timestamp="2024-12-31T12:10:51 IST" skipped="2">
  <testcase classname="selenium.DifferetWaysToMaximizeBrowserWindow" name="launchApplication" time="4.539"/>
  <testcase classname="selenium.DifferetWaysToMaximizeBrowserWindow" name="useOfDimension">
    <skipped/>
  </testcase> <!-- useOfDimension -->
  <testcase classname="selenium.DifferetWaysToMaximizeBrowserWindow" name="usingMaximizemethod">
    <skipped/>
  </testcase> <!-- usingMaximizemethod -->
</testsuite> <!-- selenium.DifferetWaysToMaximizeBrowserWindow -->
