<?xml version="1.0" encoding="UTF-8"?>
<!-- Generated by org.testng.reporters.JUnitReportReporter -->
<testsuite hostname="RavinPC" failures="0" tests="1" name="testLeafPractice.Links" time="4.255" errors="0" timestamp="2025-02-13T09:05:16 IST" skipped="0">
  <testcase classname="testLeafPractice.Links" name="handleLinks" time="4.255"/>
</testsuite> <!-- testLeafPractice.Links -->
