<?xml version="1.0" encoding="UTF-8"?>
<!-- Generated by org.testng.reporters.JUnitReportReporter -->
<testsuite hostname="RavinPC" failures="0" tests="1" name="selenium.Practice" time="5.886" errors="0" timestamp="2024-12-31T19:34:05 IST" skipped="0">
  <testcase classname="selenium.Practice" name="launchApplication" time="5.886"/>
</testsuite> <!-- selenium.Practice -->
