<?xml version="1.0" encoding="UTF-8"?>
<!-- Generated by org.testng.reporters.JUnitReportReporter -->
<testsuite hostname="RavinPC" failures="0" tests="1" name="letcodePractice.iFrame" time="9.566" errors="0" timestamp="2025-02-08T18:55:44 IST" skipped="0">
  <testcase classname="letcodePractice.iFrame" name="testiFrames" time="9.566"/>
</testsuite> <!-- letcodePractice.iFrame -->
