<?xml version="1.0" encoding="UTF-8"?>
<!-- Generated by org.testng.reporters.JUnitReportReporter -->
<testsuite hostname="RavinPC" failures="0" tests="1" name="selenium.HowToWorkWithSelectable" time="4.743" errors="0" timestamp="2024-12-30T23:04:52 IST" skipped="0">
  <testcase classname="selenium.HowToWorkWithSelectable" name="workingWithSelectable" time="4.743"/>
</testsuite> <!-- selenium.HowToWorkWithSelectable -->
