<?xml version="1.0" encoding="UTF-8"?>
<!-- Generated by org.testng.reporters.JUnitReportReporter -->
<testsuite hostname="RavinPC" failures="0" tests="1" name="letcodePractice.Webtables" time="6.113" errors="0" timestamp="2025-03-01T16:36:31 IST" skipped="0">
  <testcase classname="letcodePractice.Webtables" name="webtables" time="6.113"/>
</testsuite> <!-- letcodePractice.Webtables -->
