<?xml version="1.0" encoding="UTF-8"?>
<!-- Generated by org.testng.reporters.JUnitReportReporter -->
<testsuite hostname="RavinPC" failures="0" tests="1" name="selenium.PrintAllLinksFromSearchResults" time="10.387" errors="0" timestamp="2025-03-01T16:43:23 IST" skipped="0">
  <testcase classname="selenium.PrintAllLinksFromSearchResults" name="getAllLinksFromSearchresults" time="10.387"/>
</testsuite> <!-- selenium.PrintAllLinksFromSearchResults -->
