<?xml version="1.0" encoding="UTF-8"?>
<!-- Generated by org.testng.reporters.JUnitReportReporter -->
<testsuite hostname="RavinPC" failures="0" tests="1" name="herokuPractice.DragAndDrop" time="5.090" errors="0" timestamp="2025-01-05T12:59:09 IST" skipped="0">
  <testcase classname="herokuPractice.DragAndDrop" name="verifyDragAndDrop" time="5.090"/>
</testsuite> <!-- herokuPractice.DragAndDrop -->
