<?xml version="1.0" encoding="UTF-8"?>
<!-- Generated by org.testng.reporters.JUnitReportReporter -->
<testsuite hostname="RavinPC" failures="0" tests="1" name="herokuPractice.UploadFile" time="6.260" errors="0" timestamp="2025-01-05T13:33:48 IST" skipped="0">
  <testcase classname="herokuPractice.UploadFile" name="verifyFileUpload" time="6.260"/>
</testsuite> <!-- herokuPractice.UploadFile -->
