<?xml version="1.0" encoding="UTF-8"?>
<!-- Generated by org.testng.reporters.JUnitReportReporter -->
<testsuite hostname="RavinPC" failures="0" tests="1" name="letcodePractice.DragAndDrop" time="4.565" errors="0" timestamp="2025-02-08T18:39:21 IST" skipped="0">
  <testcase classname="letcodePractice.DragAndDrop" name="testDragAndDrop" time="4.565"/>
</testsuite> <!-- letcodePractice.DragAndDrop -->
