<?xml version="1.0" encoding="UTF-8"?>
<!-- Generated by org.testng.reporters.JUnitReportReporter -->
<testsuite hostname="RavinPC" failures="0" tests="1" name="selenium.HowToVerifyFileDownload" time="0.032" errors="0" timestamp="2025-03-06T22:15:02 IST" skipped="0">
  <testcase classname="selenium.HowToVerifyFileDownload" name="verifyFileDownload" time="0.032"/>
</testsuite> <!-- selenium.HowToVerifyFileDownload -->
