<?xml version="1.0" encoding="UTF-8"?>
<!-- Generated by org.testng.reporters.JUnitReportReporter -->
<testsuite hostname="RavinPC" failures="0" tests="1" name="selenium.HowToHandleAutoCompleteTextBox" time="5.083" errors="0" timestamp="2024-12-30T23:16:58 IST" skipped="0">
  <testcase classname="selenium.HowToHandleAutoCompleteTextBox" name="handlingAutoCompleteTextBox" time="5.083"/>
</testsuite> <!-- selenium.HowToHandleAutoCompleteTextBox -->
