<?xml version="1.0" encoding="UTF-8"?>
<!-- Generated by org.testng.reporters.JUnitReportReporter -->
<testsuite hostname="RavinPC" failures="0" tests="7" name="tutorialspointSeleniumPractice.TextBoxPractice" time="9.833" errors="0" timestamp="2025-02-02T13:20:46 IST" skipped="6">
  <testcase classname="tutorialspointSeleniumPractice.TextBoxPractice" name="dynamicProperties" time="9.833"/>
  <testcase classname="tutorialspointSeleniumPractice.TextBoxPractice" name="handlingCheckBox">
    <skipped/>
  </testcase> <!-- handlingCheckBox -->
  <testcase classname="tutorialspointSeleniumPractice.TextBoxPractice" name="handlingButtons">
    <skipped/>
  </testcase> <!-- handlingButtons -->
  <testcase classname="tutorialspointSeleniumPractice.TextBoxPractice" name="fileUploadusingRobotClass">
    <skipped/>
  </testcase> <!-- fileUploadusingRobotClass -->
  <testcase classname="tutorialspointSeleniumPractice.TextBoxPractice" name="fileUpload">
    <skipped/>
  </testcase> <!-- fileUpload -->
  <testcase classname="tutorialspointSeleniumPractice.TextBoxPractice" name="handlingRadiobuttons">
    <skipped/>
  </testcase> <!-- handlingRadiobuttons -->
  <testcase classname="tutorialspointSeleniumPractice.TextBoxPractice" name="handlingTextBox">
    <skipped/>
  </testcase> <!-- handlingTextBox -->
</testsuite> <!-- tutorialspointSeleniumPractice.TextBoxPractice -->
