<?xml version="1.0" encoding="UTF-8"?>
<!-- Generated by org.testng.reporters.JUnitReportReporter -->
<testsuite hostname="RavinPC" failures="0" tests="1" name="selenium.Screenshot" time="7.110" errors="0" timestamp="2025-02-12T22:14:21 IST" skipped="0">
  <testcase classname="selenium.Screenshot" name="verifyTakeScreenshot" time="7.110"/>
</testsuite> <!-- selenium.Screenshot -->
