<?xml version="1.0" encoding="UTF-8"?>
<!-- Generated by org.testng.reporters.JUnitReportReporter -->
<testsuite hostname="RavinPC" failures="0" tests="1" name="testLeafPractice.BrokenLinks" time="11.100" errors="0" timestamp="2025-02-13T09:45:15 IST" skipped="0">
  <testcase classname="testLeafPractice.BrokenLinks" name="validateBrokenLinks" time="11.100"/>
</testsuite> <!-- testLeafPractice.BrokenLinks -->
