<?xml version="1.0" encoding="UTF-8"?>
<!-- Generated by org.testng.reporters.JUnitReportReporter -->
<testsuite hostname="RavinPC" failures="0" tests="1" name="letcodePractice.Elements" time="5.363" errors="0" timestamp="2025-02-02T18:54:41 IST" skipped="0">
  <testcase classname="letcodePractice.Elements" name="elemenetshandler" time="5.363"/>
</testsuite> <!-- letcodePractice.Elements -->
