<?xml version="1.0" encoding="UTF-8"?>
<!-- Generated by org.testng.reporters.JUnitReportReporter -->
<testsuite hostname="RavinPC" failures="0" tests="1" name="selenium.SelectAllCheckBoxes" time="4.651" errors="0" timestamp="2024-12-31T18:58:52 IST" skipped="0">
  <testcase classname="selenium.SelectAllCheckBoxes" name="checkAllCheckboxes" time="4.651"/>
</testsuite> <!-- selenium.SelectAllCheckBoxes -->
