<?xml version="1.0" encoding="UTF-8"?>
<!-- Generated by org.testng.reporters.JUnitReportReporter -->
<testsuite hostname="RavinPC" failures="0" tests="1" name="herokuPractice.DynamicLoading" time="17.358" errors="0" timestamp="2025-01-05T13:10:51 IST" skipped="0">
  <testcase classname="herokuPractice.DynamicLoading" name="getDynamicLoadingElements" time="17.358"/>
</testsuite> <!-- herokuPractice.DynamicLoading -->
