<?xml version="1.0" encoding="UTF-8"?>
<!-- Generated by org.testng.reporters.JUnitReportReporter -->
<testsuite hostname="RavinPC" failures="0" tests="1" name="testLeafPractice.BrokenLinks" time="11.450" errors="0" timestamp="2025-02-27T21:59:46 IST" skipped="0">
  <testcase classname="testLeafPractice.BrokenLinks" name="validateBrokenLinks" time="11.450"/>
</testsuite> <!-- testLeafPractice.BrokenLinks -->
