<?xml version="1.0" encoding="UTF-8"?>
<!-- Generated by org.testng.reporters.JUnitReportReporter -->
<testsuite hostname="RavinPC" failures="0" tests="1" name="letcodePractice.Forms" time="7.190" errors="0" timestamp="2025-02-02T15:10:07 IST" skipped="0">
  <testcase classname="letcodePractice.Forms" name="submitForm" time="7.190"/>
</testsuite> <!-- letcodePractice.Forms -->
