<?xml version="1.0" encoding="UTF-8"?>
<!-- Generated by org.testng.reporters.JUnitReportReporter -->
<testsuite hostname="RavinPC" failures="0" tests="3" name="herokuPractice.VerifyBrokenImgs" time="14.752" errors="0" timestamp="2025-01-05T12:33:04 IST" skipped="0">
  <testcase classname="herokuPractice.VerifyBrokenImgs" name="verfyImg1" time="4.955"/>
  <testcase classname="herokuPractice.VerifyBrokenImgs" name="verfyImg2" time="4.522"/>
  <testcase classname="herokuPractice.VerifyBrokenImgs" name="verfyImg3" time="5.275"/>
</testsuite> <!-- herokuPractice.VerifyBrokenImgs -->
