<?xml version="1.0" encoding="UTF-8"?>
<!-- Generated by org.testng.reporters.JUnitReportReporter -->
<testsuite hostname="RavinPC" failures="0" tests="2" name="letcodePractice.Windows" time="6.640" errors="0" timestamp="2025-02-02T19:13:29 IST" skipped="1">
  <testcase classname="letcodePractice.Windows" name="windowsHandlingMultipleWindows" time="6.640"/>
  <testcase classname="letcodePractice.Windows" name="windowsHandlingOpenHomepage">
    <skipped/>
  </testcase> <!-- windowsHandlingOpenHomepage -->
</testsuite> <!-- letcodePractice.Windows -->
