<?xml version="1.0" encoding="UTF-8"?>
<!-- Generated by org.testng.reporters.JUnitReportReporter -->
<testsuite hostname="RavinPC" failures="0" tests="1" name="selenium.HowToVerifyFileDownload" time="3.641" errors="0" timestamp="2024-12-30T23:31:48 IST" skipped="0">
  <testcase classname="selenium.HowToVerifyFileDownload" name="verifyFileDownload" time="3.641"/>
</testsuite> <!-- selenium.HowToVerifyFileDownload -->
