<?xml version="1.0" encoding="UTF-8"?>
<!-- Generated by org.testng.reporters.JUnitReportReporter -->
<testsuite hostname="RavinPC" failures="0" tests="1" name="selenium.HowTohandleAuthenticationPopups" time="5.519" errors="0" timestamp="2024-12-31T12:19:00 IST" skipped="0">
  <testcase classname="selenium.HowTohandleAuthenticationPopups" name="launchApplication" time="5.519"/>
</testsuite> <!-- selenium.HowTohandleAuthenticationPopups -->
