<?xml version="1.0" encoding="UTF-8"?>
<!-- Generated by org.testng.reporters.JUnitReportReporter -->
<testsuite hostname="RavinPC" failures="0" tests="1" name="selenium.HowToHandleToolTip" time="3.369" errors="0" timestamp="2024-12-30T22:46:06 IST" skipped="0">
  <testcase classname="selenium.HowToHandleToolTip" name="toolTipHandling" time="3.369"/>
</testsuite> <!-- selenium.HowToHandleToolTip -->
