<?xml version="1.0" encoding="UTF-8"?>
<!-- Generated by org.testng.reporters.JUnitReportReporter -->
<testsuite hostname="RavinPC" failures="0" tests="1" name="letcodePractice.MultiSelect" time="6.267" errors="0" timestamp="2025-02-08T18:35:32 IST" skipped="0">
  <testcase classname="letcodePractice.MultiSelect" name="testMultiSelect" time="6.267"/>
</testsuite> <!-- letcodePractice.MultiSelect -->
