<?xml version="1.0" encoding="UTF-8"?>
<!-- Generated by org.testng.reporters.JUnitReportReporter -->
<testsuite hostname="RavinPC" failures="0" tests="1" name="letcodePractice.Waits" time="12.155" errors="0" timestamp="2025-02-02T14:53:22 IST" skipped="0">
  <testcase classname="letcodePractice.Waits" name="handleWebDriverWaits" time="12.155"/>
</testsuite> <!-- letcodePractice.Waits -->
