<?xml version="1.0" encoding="UTF-8"?>
<!-- Generated by org.testng.reporters.JUnitReportReporter -->
<testsuite hostname="RavinPC" failures="0" tests="1" name="herokuPractice.DropDowns" time="5.121" errors="0" timestamp="2025-01-05T13:04:46 IST" skipped="0">
  <testcase classname="herokuPractice.DropDowns" name="handlingDropdown" time="5.121"/>
</testsuite> <!-- herokuPractice.DropDowns -->
