<?xml version="1.0" encoding="UTF-8"?>
<!-- Generated by org.testng.reporters.JUnitReportReporter -->
<testsuite hostname="RavinPC" failures="0" tests="1" name="letcodePractice.Slider" time="6.860" errors="0" timestamp="2025-02-02T16:30:33 IST" skipped="0">
  <testcase classname="letcodePractice.Slider" name="handleSliders" time="6.860"/>
</testsuite> <!-- letcodePractice.Slider -->
