<?xml version="1.0" encoding="UTF-8"?>
<!-- Generated by org.testng.reporters.JUnitReportReporter -->
<testsuite hostname="RavinPC" failures="0" tests="1" name="herokuPractice.FileDownload" time="10.518" errors="0" timestamp="2025-01-05T13:26:10 IST" skipped="0">
  <testcase classname="herokuPractice.FileDownload" name="verifyFileDownload" time="10.518"/>
</testsuite> <!-- herokuPractice.FileDownload -->
