<?xml version="1.0" encoding="UTF-8"?>
<!-- Generated by org.testng.reporters.JUnitReportReporter -->
<testsuite hostname="RavinPC" failures="0" tests="1" name="letcodePractice.RadioButtons" time="5.012" errors="0" timestamp="2025-02-02T19:29:10 IST" skipped="0">
  <testcase classname="letcodePractice.RadioButtons" name="handleRadioButtons" time="5.012"/>
</testsuite> <!-- letcodePractice.RadioButtons -->
