<?xml version="1.0" encoding="UTF-8"?>
<!-- Generated by org.testng.reporters.JUnitReportReporter -->
<testsuite hostname="RavinPC" failures="0" tests="1" name="testLeafPractice.RadioButtons" time="2.656" errors="0" timestamp="2025-02-12T10:01:32 IST" skipped="0">
  <testcase classname="testLeafPractice.RadioButtons" name="handleRadioButtons" time="2.656"/>
</testsuite> <!-- testLeafPractice.RadioButtons -->
