<?xml version="1.0" encoding="UTF-8"?>
<!-- Generated by org.testng.reporters.JUnitReportReporter -->
<testsuite hostname="RavinPC" failures="0" tests="1" name="herokuPractice.ContextMenu" time="6.978" errors="0" timestamp="2025-01-05T12:41:50 IST" skipped="0">
  <testcase classname="herokuPractice.ContextMenu" name="verfyContextmenu" time="6.978"/>
</testsuite> <!-- herokuPractice.ContextMenu -->
