<?xml version="1.0" encoding="UTF-8"?>
<!-- Generated by org.testng.reporters.JUnitReportReporter -->
<testsuite hostname="RavinPC" failures="0" tests="1" name="selenium.PrintAllLinksFromSearchResults" time="12.225" errors="0" timestamp="2024-12-31T12:48:13 IST" skipped="0">
  <testcase classname="selenium.PrintAllLinksFromSearchResults" name="getAllLinksFromSearchresults" time="12.225"/>
</testsuite> <!-- selenium.PrintAllLinksFromSearchResults -->
