<?xml version="1.0" encoding="UTF-8"?>
<!-- Generated by org.testng.reporters.JUnitReportReporter -->
<testsuite hostname="RavinPC" failures="0" tests="1" name="testLeafPractice.Dropdowns" time="7.989" errors="0" timestamp="2025-02-10T10:02:25 IST" skipped="0">
  <testcase classname="testLeafPractice.Dropdowns" name="handleDropdowns" time="7.989"/>
</testsuite> <!-- testLeafPractice.Dropdowns -->
