<?xml version="1.0" encoding="UTF-8"?>
<!-- Generated by org.testng.reporters.JUnitReportReporter -->
<testsuite hostname="RavinPC" failures="0" tests="1" name="selenium.PrintTheGoogleSearchSuggestions" time="5.898" errors="0" timestamp="2024-12-31T12:30:36 IST" skipped="0">
  <testcase classname="selenium.PrintTheGoogleSearchSuggestions" name="getGoogleSuggestion" time="5.898"/>
</testsuite> <!-- selenium.PrintTheGoogleSearchSuggestions -->
