<?xml version="1.0" encoding="UTF-8"?>
<!-- Generated by org.testng.reporters.JUnitReportReporter -->
<testsuite hostname="RavinPC" failures="0" tests="2" name="selenium.EnterValuesWithoutUsingSendkeys" time="3.804" errors="0" timestamp="2024-12-31T18:45:31 IST" skipped="1">
  <testcase classname="selenium.EnterValuesWithoutUsingSendkeys" name="usingRobotClass" time="3.804"/>
  <testcase classname="selenium.EnterValuesWithoutUsingSendkeys" name="withUsingJSExecutor">
    <skipped/>
  </testcase> <!-- withUsingJSExecutor -->
</testsuite> <!-- selenium.EnterValuesWithoutUsingSendkeys -->
