<?xml version="1.0" encoding="UTF-8"?>
<!-- Generated by org.testng.reporters.JUnitReportReporter -->
<testsuite hostname="RavinPC" failures="0" tests="1" name="selenium.PrintTheGoogleSearchSuggestions" time="5.330" errors="0" timestamp="2025-03-01T16:45:47 IST" skipped="0">
  <testcase classname="selenium.PrintTheGoogleSearchSuggestions" name="getGoogleSuggestion" time="5.330"/>
</testsuite> <!-- selenium.PrintTheGoogleSearchSuggestions -->
