<?xml version="1.0" encoding="UTF-8"?>
<!-- Generated by org.testng.reporters.JUnitReportReporter -->
<testsuite hostname="RavinPC" failures="0" tests="1" name="testLeafPractice.Waits" time="17.538" errors="0" timestamp="2025-02-13T08:45:02 IST" skipped="0">
  <testcase classname="testLeafPractice.Waits" name="handleWaits" time="17.538"/>
</testsuite> <!-- testLeafPractice.Waits -->
