<?xml version="1.0" encoding="UTF-8"?>
<!-- Generated by org.testng.reporters.JUnitReportReporter -->
<testsuite hostname="RavinPC" failures="0" tests="1" name="herokuPractice.AddorRemoveElements" time="5.250" errors="0" timestamp="2025-01-05T12:26:41 IST" skipped="0">
  <testcase classname="herokuPractice.AddorRemoveElements" name="addorremoveElements" time="5.250"/>
</testsuite> <!-- herokuPractice.AddorRemoveElements -->
