<?xml version="1.0" encoding="UTF-8"?>
<!-- Generated by org.testng.reporters.JUnitReportReporter -->
<testsuite hostname="RavinPC" failures="0" tests="3" name="selenium.DifferentWaysToRefreshAWindow" time="8.195" errors="0" timestamp="2024-12-31T12:03:05 IST" skipped="2">
  <testcase classname="selenium.DifferentWaysToRefreshAWindow" name="usingDrivergetURL" time="8.195"/>
  <testcase classname="selenium.DifferentWaysToRefreshAWindow" name="usingJSExecutor">
    <skipped/>
  </testcase> <!-- usingJSExecutor -->
  <testcase classname="selenium.DifferentWaysToRefreshAWindow" name="usingRefresh">
    <skipped/>
  </testcase> <!-- usingRefresh -->
</testsuite> <!-- selenium.DifferentWaysToRefreshAWindow -->
